{"__type":"$$EventMessageWorkflow","id":"724821ff-16e5-4a0b-9684-a4ded9c982e3","ts":"2025-09-22T17:36:58.529+00:00","eventName":"n8n.workflow.started","message":"n8n.workflow.started","payload":{"executionId":"10","workflowId":"bzOFW483Vmfozuiq","isManual":false,"workflowName":"My workflow"}}
{"__type":"$$EventMessageConfirm","confirm":"724821ff-16e5-4a0b-9684-a4ded9c982e3","ts":"2025-09-22T17:36:58.580+00:00","source":{"id":"0","name":"eventBus"}}
{"__type":"$$EventMessageNode","id":"d76db47e-f0b6-4542-b9ce-e286222394c3","ts":"2025-09-22T17:36:58.581+00:00","eventName":"n8n.node.started","message":"n8n.node.started","payload":{"workflowId":"bzOFW483Vmfozuiq","workflowName":"My workflow","executionId":"10","nodeType":"n8n-nodes-base.manualTrigger","nodeName":"When clicking ‘Test workflow’"}}
{"__type":"$$EventMessageConfirm","confirm":"d76db47e-f0b6-4542-b9ce-e286222394c3","ts":"2025-09-22T17:36:58.581+00:00","source":{"id":"0","name":"eventBus"}}
{"__type":"$$EventMessageNode","id":"7d7d3fd9-9312-44cc-b29f-da85125f8a2d","ts":"2025-09-22T17:36:58.585+00:00","eventName":"n8n.node.finished","message":"n8n.node.finished","payload":{"workflowId":"bzOFW483Vmfozuiq","workflowName":"My workflow","executionId":"10","nodeType":"n8n-nodes-base.manualTrigger","nodeName":"When clicking ‘Test workflow’"}}
{"__type":"$$EventMessageConfirm","confirm":"7d7d3fd9-9312-44cc-b29f-da85125f8a2d","ts":"2025-09-22T17:36:58.585+00:00","source":{"id":"0","name":"eventBus"}}
{"__type":"$$EventMessageNode","id":"6d713a99-9a9f-421a-83cc-2db2216388bb","ts":"2025-09-22T17:36:58.585+00:00","eventName":"n8n.node.started","message":"n8n.node.started","payload":{"workflowId":"bzOFW483Vmfozuiq","workflowName":"My workflow","executionId":"10","nodeType":"CUSTOM.random","nodeName":"Random"}}
{"__type":"$$EventMessageConfirm","confirm":"6d713a99-9a9f-421a-83cc-2db2216388bb","ts":"2025-09-22T17:36:58.585+00:00","source":{"id":"0","name":"eventBus"}}
{"__type":"$$EventMessageNode","id":"297e72d2-c605-4247-b974-ae5bf871ad3d","ts":"2025-09-22T17:36:59.035+00:00","eventName":"n8n.node.finished","message":"n8n.node.finished","payload":{"workflowId":"bzOFW483Vmfozuiq","workflowName":"My workflow","executionId":"10","nodeType":"CUSTOM.random","nodeName":"Random"}}
{"__type":"$$EventMessageConfirm","confirm":"297e72d2-c605-4247-b974-ae5bf871ad3d","ts":"2025-09-22T17:36:59.035+00:00","source":{"id":"0","name":"eventBus"}}
{"__type":"$$EventMessageWorkflow","id":"3843d06a-60be-47f6-96a1-420617000b82","ts":"2025-09-22T17:36:59.039+00:00","eventName":"n8n.workflow.success","message":"n8n.workflow.success","payload":{"executionId":"10","userId":"28eb2cdd-826c-49ec-a5e5-b39e20cc1bff","success":true,"isManual":true,"workflowId":"bzOFW483Vmfozuiq","workflowName":"My workflow"}}
{"__type":"$$EventMessageConfirm","confirm":"3843d06a-60be-47f6-96a1-420617000b82","ts":"2025-09-22T17:36:59.039+00:00","source":{"id":"0","name":"eventBus"}}
{"__type":"$$EventMessageWorkflow","id":"dd9e0d74-41fd-452c-a2ea-aa593e1989fa","ts":"2025-09-22T17:37:00.773+00:00","eventName":"n8n.workflow.started","message":"n8n.workflow.started","payload":{"executionId":"11","workflowId":"bzOFW483Vmfozuiq","isManual":false,"workflowName":"My workflow"}}
{"__type":"$$EventMessageConfirm","confirm":"dd9e0d74-41fd-452c-a2ea-aa593e1989fa","ts":"2025-09-22T17:37:00.773+00:00","source":{"id":"0","name":"eventBus"}}
{"__type":"$$EventMessageNode","id":"68d4d91e-c898-4d24-ad61-0d3a6d997bcc","ts":"2025-09-22T17:37:00.774+00:00","eventName":"n8n.node.started","message":"n8n.node.started","payload":{"workflowId":"bzOFW483Vmfozuiq","workflowName":"My workflow","executionId":"11","nodeType":"CUSTOM.random","nodeName":"Random"}}
{"__type":"$$EventMessageConfirm","confirm":"68d4d91e-c898-4d24-ad61-0d3a6d997bcc","ts":"2025-09-22T17:37:00.774+00:00","source":{"id":"0","name":"eventBus"}}
{"__type":"$$EventMessageNode","id":"3edc4fb3-1d01-4994-bc7a-02db00af00da","ts":"2025-09-22T17:37:01.250+00:00","eventName":"n8n.node.finished","message":"n8n.node.finished","payload":{"workflowId":"bzOFW483Vmfozuiq","workflowName":"My workflow","executionId":"11","nodeType":"CUSTOM.random","nodeName":"Random"}}
{"__type":"$$EventMessageConfirm","confirm":"3edc4fb3-1d01-4994-bc7a-02db00af00da","ts":"2025-09-22T17:37:01.250+00:00","source":{"id":"0","name":"eventBus"}}
{"__type":"$$EventMessageWorkflow","id":"3e1409f1-0a2c-492b-8053-6cba7dc24b81","ts":"2025-09-22T17:37:01.252+00:00","eventName":"n8n.workflow.success","message":"n8n.workflow.success","payload":{"executionId":"11","userId":"28eb2cdd-826c-49ec-a5e5-b39e20cc1bff","success":true,"isManual":true,"workflowId":"bzOFW483Vmfozuiq","workflowName":"My workflow"}}
{"__type":"$$EventMessageConfirm","confirm":"3e1409f1-0a2c-492b-8053-6cba7dc24b81","ts":"2025-09-22T17:37:01.252+00:00","source":{"id":"0","name":"eventBus"}}
{"__type":"$$EventMessageWorkflow","id":"7d404054-0daa-4e41-aef8-05f171092e7f","ts":"2025-09-22T17:37:01.775+00:00","eventName":"n8n.workflow.started","message":"n8n.workflow.started","payload":{"executionId":"12","workflowId":"bzOFW483Vmfozuiq","isManual":false,"workflowName":"My workflow"}}
{"__type":"$$EventMessageConfirm","confirm":"7d404054-0daa-4e41-aef8-05f171092e7f","ts":"2025-09-22T17:37:01.775+00:00","source":{"id":"0","name":"eventBus"}}
{"__type":"$$EventMessageNode","id":"09d28663-f96d-491b-b537-f7bb0c03765e","ts":"2025-09-22T17:37:01.775+00:00","eventName":"n8n.node.started","message":"n8n.node.started","payload":{"workflowId":"bzOFW483Vmfozuiq","workflowName":"My workflow","executionId":"12","nodeType":"CUSTOM.random","nodeName":"Random"}}
{"__type":"$$EventMessageConfirm","confirm":"09d28663-f96d-491b-b537-f7bb0c03765e","ts":"2025-09-22T17:37:01.775+00:00","source":{"id":"0","name":"eventBus"}}
{"__type":"$$EventMessageNode","id":"35160c74-4d81-4f7b-9a4b-7894534f1a27","ts":"2025-09-22T17:37:02.167+00:00","eventName":"n8n.node.finished","message":"n8n.node.finished","payload":{"workflowId":"bzOFW483Vmfozuiq","workflowName":"My workflow","executionId":"12","nodeType":"CUSTOM.random","nodeName":"Random"}}
{"__type":"$$EventMessageConfirm","confirm":"35160c74-4d81-4f7b-9a4b-7894534f1a27","ts":"2025-09-22T17:37:02.168+00:00","source":{"id":"0","name":"eventBus"}}
{"__type":"$$EventMessageWorkflow","id":"b88bed61-2236-471a-8b83-5a20c13c642a","ts":"2025-09-22T17:37:02.169+00:00","eventName":"n8n.workflow.success","message":"n8n.workflow.success","payload":{"executionId":"12","userId":"28eb2cdd-826c-49ec-a5e5-b39e20cc1bff","success":true,"isManual":true,"workflowId":"bzOFW483Vmfozuiq","workflowName":"My workflow"}}
{"__type":"$$EventMessageConfirm","confirm":"b88bed61-2236-471a-8b83-5a20c13c642a","ts":"2025-09-22T17:37:02.169+00:00","source":{"id":"0","name":"eventBus"}}
{"__type":"$$EventMessageWorkflow","id":"61d346a3-3fca-45f2-9641-96b836d89667","ts":"2025-09-22T17:37:02.550+00:00","eventName":"n8n.workflow.started","message":"n8n.workflow.started","payload":{"executionId":"13","workflowId":"bzOFW483Vmfozuiq","isManual":false,"workflowName":"My workflow"}}
{"__type":"$$EventMessageConfirm","confirm":"61d346a3-3fca-45f2-9641-96b836d89667","ts":"2025-09-22T17:37:02.551+00:00","source":{"id":"0","name":"eventBus"}}
{"__type":"$$EventMessageNode","id":"5c1ce05f-a823-4de4-8081-b51f634feefb","ts":"2025-09-22T17:37:02.551+00:00","eventName":"n8n.node.started","message":"n8n.node.started","payload":{"workflowId":"bzOFW483Vmfozuiq","workflowName":"My workflow","executionId":"13","nodeType":"CUSTOM.random","nodeName":"Random"}}
{"__type":"$$EventMessageConfirm","confirm":"5c1ce05f-a823-4de4-8081-b51f634feefb","ts":"2025-09-22T17:37:02.551+00:00","source":{"id":"0","name":"eventBus"}}
{"__type":"$$EventMessageNode","id":"8a314db4-f87e-4e5e-8b25-83215a6c442c","ts":"2025-09-22T17:37:02.982+00:00","eventName":"n8n.node.finished","message":"n8n.node.finished","payload":{"workflowId":"bzOFW483Vmfozuiq","workflowName":"My workflow","executionId":"13","nodeType":"CUSTOM.random","nodeName":"Random"}}
{"__type":"$$EventMessageConfirm","confirm":"8a314db4-f87e-4e5e-8b25-83215a6c442c","ts":"2025-09-22T17:37:02.982+00:00","source":{"id":"0","name":"eventBus"}}
{"__type":"$$EventMessageWorkflow","id":"86e86cd3-796d-4d48-89b5-53db43f8a0c3","ts":"2025-09-22T17:37:02.984+00:00","eventName":"n8n.workflow.success","message":"n8n.workflow.success","payload":{"executionId":"13","userId":"28eb2cdd-826c-49ec-a5e5-b39e20cc1bff","success":true,"isManual":true,"workflowId":"bzOFW483Vmfozuiq","workflowName":"My workflow"}}
{"__type":"$$EventMessageConfirm","confirm":"86e86cd3-796d-4d48-89b5-53db43f8a0c3","ts":"2025-09-22T17:37:02.984+00:00","source":{"id":"0","name":"eventBus"}}
